TN:
SF:src/doc2pdf.js
FN:12,getLibreOfficePath
FN:30,findBin
FN:52,convert2pdf
FN:99,doc2pdf
FNF:4
FNH:4
FNDA:2,getLibreOfficePath
FNDA:2,findBin
FNDA:2,convert2pdf
FNDA:2,doc2pdf
DA:1,1
DA:2,1
DA:3,1
DA:4,1
DA:5,1
DA:6,1
DA:7,1
DA:8,1
DA:9,1
DA:10,1
DA:11,1
DA:12,2
DA:13,2
DA:14,2
DA:15,0
DA:16,0
DA:17,0
DA:18,0
DA:19,0
DA:20,0
DA:21,0
DA:22,0
DA:23,2
DA:24,2
DA:25,2
DA:26,0
DA:27,2
DA:28,2
DA:29,1
DA:30,2
DA:31,2
DA:32,2
DA:33,2
DA:34,2
DA:35,2
DA:36,2
DA:37,2
DA:38,2
DA:39,2
DA:40,2
DA:41,0
DA:42,0
DA:43,2
DA:44,2
DA:45,2
DA:46,0
DA:47,0
DA:48,2
DA:49,2
DA:50,2
DA:51,1
DA:52,1
DA:53,2
DA:54,2
DA:55,2
DA:56,2
DA:57,2
DA:58,2
DA:59,2
DA:60,2
DA:61,2
DA:62,2
DA:63,2
DA:64,2
DA:65,2
DA:66,2
DA:67,2
DA:68,2
DA:69,2
DA:70,2
DA:71,2
DA:72,2
DA:73,2
DA:74,2
DA:75,2
DA:76,2
DA:77,2
DA:78,2
DA:79,2
DA:80,2
DA:81,2
DA:82,0
DA:83,2
DA:84,2
DA:85,2
DA:86,2
DA:87,2
DA:88,2
DA:89,0
DA:90,0
DA:91,2
DA:92,2
DA:93,2
DA:94,0
DA:95,0
DA:96,2
DA:97,2
DA:98,1
DA:99,1
DA:100,2
DA:101,2
DA:102,2
DA:103,2
DA:104,2
DA:105,2
DA:106,2
DA:107,2
DA:108,2
DA:109,2
DA:110,2
DA:111,2
DA:112,2
DA:113,2
DA:114,2
DA:115,2
DA:116,2
DA:117,2
DA:118,2
DA:119,2
DA:120,2
DA:121,2
DA:122,2
DA:123,2
DA:124,2
DA:125,2
DA:126,2
LF:126
LH:108
BRDA:1,0,0,1
BRDA:12,1,0,2
BRDA:14,2,0,0
BRDA:25,3,0,0
BRDA:30,4,0,2
BRDA:33,5,0,0
BRDA:40,6,0,0
BRDA:45,7,0,0
BRDA:52,8,0,2
BRDA:53,9,0,2
BRDA:93,10,0,0
BRDA:78,11,0,2
BRDA:81,12,0,0
BRDA:88,13,0,0
BRDA:99,14,0,2
BRDA:105,15,0,0
BRF:16
BRH:7
end_of_record
